[debug] [2017-10-16T17:58:32.106Z] ----------------------------------------------------------------------
[debug] [2017-10-16T17:58:32.121Z] Command:       C:\Program Files\nodejs\node.exe C:\Users\felipe.gajardo\AppData\Roaming\npm\node_modules\firebase-tools\bin\firebase deploy --debug
[debug] [2017-10-16T17:58:32.123Z] CLI Version:   3.13.1
[debug] [2017-10-16T17:58:32.125Z] Platform:      win32
[debug] [2017-10-16T17:58:32.125Z] Node Version:  v6.11.4
[debug] [2017-10-16T17:58:32.127Z] Time:          Mon Oct 16 2017 14:58:32 GMT-0300 (Hora verano Sudamérica Pacífico)
[debug] [2017-10-16T17:58:32.129Z] ----------------------------------------------------------------------
[debug] 
[debug] [2017-10-16T17:58:32.179Z] > command requires scopes: ["email","openid","https://www.googleapis.com/auth/cloudplatformprojects.readonly","https://www.googleapis.com/auth/firebase","https://www.googleapis.com/auth/cloud-platform"]
[debug] [2017-10-16T17:58:32.184Z] > authorizing via signed-in user
[debug] [2017-10-16T17:58:32.197Z] >>> HTTP REQUEST GET https://admin.firebase.com/v1/projects/fir-demo-project  
 Mon Oct 16 2017 14:58:32 GMT-0300 (Hora verano Sudamérica Pacífico)
[debug] [2017-10-16T17:58:33.174Z] <<< HTTP RESPONSE 200
[debug] [2017-10-16T17:58:33.183Z] >>> HTTP REQUEST GET https://admin.firebase.com/v1/database/fir-demo-project/tokens  
 Mon Oct 16 2017 14:58:33 GMT-0300 (Hora verano Sudamérica Pacífico)
[debug] [2017-10-16T17:58:33.901Z] <<< HTTP RESPONSE 200
[info] 1
[info] 
[info] === Deploying to 'fir-demo-project'...
[info] 
[info] i  deploying hosting
[info] i  hosting: preparing build directory for upload...
[debug] [2017-10-16T17:58:38.657Z] >>> HTTP REQUEST PUT https://deploy.firebase.com/v1/hosting/fir-demo-project/uploads/-KwaKZZjfncP-NyACJV2?fileCount=9&message=  
 Mon Oct 16 2017 14:58:38 GMT-0300 (Hora verano Sudamérica Pacífico)
[debug] [2017-10-16T17:58:41.087Z] <<< HTTP RESPONSE 403
[debug] [2017-10-16T17:58:41.092Z] <<< HTTP RESPONSE BODY undefined
[debug] [2017-10-16T17:58:41.099Z] TypeError: Cannot read property 'error' of undefined
    at module.exports (C:\Users\felipe.gajardo\AppData\Roaming\npm\node_modules\firebase-tools\lib\responseToError.js:10:12)
    at Request._callback (C:\Users\felipe.gajardo\AppData\Roaming\npm\node_modules\firebase-tools\lib\api.js:43:25)
    at Request.self.callback (C:\Users\felipe.gajardo\AppData\Roaming\npm\node_modules\firebase-tools\node_modules\request\request.js:186:22)
    at emitTwo (events.js:106:13)
    at Request.emit (events.js:191:7)
    at Request.<anonymous> (C:\Users\felipe.gajardo\AppData\Roaming\npm\node_modules\firebase-tools\node_modules\request\request.js:1163:10)
    at emitOne (events.js:96:13)
    at Request.emit (events.js:188:7)
    at IncomingMessage.<anonymous> (C:\Users\felipe.gajardo\AppData\Roaming\npm\node_modules\firebase-tools\node_modules\request\request.js:1085:12)
    at IncomingMessage.g (events.js:292:16)
[error] 
[error] Error: An unexpected error has occurred.
